<?xml version="1.0" encoding="UTF-8"?>
<!-- Generated by org.testng.reporters.JUnitReportReporter -->
<testsuite hostname="LAPTOP-2T1FHJL0" failures="0" tests="3" name="rahulshettyacademy.tests.SubmitOrderTest" time="24.207" errors="0" timestamp="17 Dec 2024 09:50:06 GMT" skipped="0">
  <testcase classname="rahulshettyacademy.tests.SubmitOrderTest" name="OrderHistoryTest" time="5.866"/>
  <testcase classname="rahulshettyacademy.tests.SubmitOrderTest" name="submitOrder" time="7.723"/>
  <testcase classname="rahulshettyacademy.tests.SubmitOrderTest" name="submitOrder" time="10.618"/>
</testsuite> <!-- rahulshettyacademy.tests.SubmitOrderTest -->
