<?xml version="1.0" encoding="UTF-8"?>
<!-- Generated by org.testng.reporters.JUnitReportReporter -->
<testsuite hostname="LAPTOP-2T1FHJL0" failures="0" tests="2" name="rahulshettyacademy.tests.ErrorValidationsTest" time="14.034" errors="0" timestamp="17 Dec 2024 10:48:58 GMT" skipped="0">
  <testcase classname="rahulshettyacademy.tests.ErrorValidationsTest" name="LoginErrorValidation" time="5.683"/>
  <testcase classname="rahulshettyacademy.tests.ErrorValidationsTest" name="ProductErrorValidation" time="8.351"/>
</testsuite> <!-- rahulshettyacademy.tests.ErrorValidationsTest -->
