<?xml version="1.0" encoding="UTF-8"?>
<!-- Generated by org.testng.reporters.JUnitReportReporter -->
<testsuite hostname="LAPTOP-2T1FHJL0" failures="0" tests="2" name="rahulshettyacademy.tests.ErrorValidationsTest" time="12.129" errors="0" timestamp="19 Dec 2024 15:31:15 GMT" skipped="0">
  <testcase classname="rahulshettyacademy.tests.ErrorValidationsTest" name="LoginErrorValidation" time="4.091"/>
  <testcase classname="rahulshettyacademy.tests.ErrorValidationsTest" name="ProductErrorValidation" time="8.038"/>
</testsuite> <!-- rahulshettyacademy.tests.ErrorValidationsTest -->
